ERROR - 2024-04-04 16:25:28 --> Error connecting to the database: mysqli_sql_exception: Access denied for user ''@'localhost' (using password: NO) in C:\xampp2\htdocs\image-accordion-gallery\system\Database\MySQLi\Connection.php:185
Stack trace:
#0 C:\xampp2\htdocs\image-accordion-gallery\system\Database\MySQLi\Connection.php(185): mysqli->real_connect('localhost', '', '', '', 3306, '', 0)
#1 C:\xampp2\htdocs\image-accordion-gallery\system\Database\BaseConnection.php(392): CodeIgniter\Database\MySQLi\Connection->connect(false)
#2 C:\xampp2\htdocs\image-accordion-gallery\system\Database\BaseConnection.php(575): CodeIgniter\Database\BaseConnection->initialize()
#3 C:\xampp2\htdocs\image-accordion-gallery\system\Database\BaseConnection.php(1410): CodeIgniter\Database\BaseConnection->query('SHOW TABLES FRO...')
#4 C:\xampp2\htdocs\image-accordion-gallery\system\Database\BaseConnection.php(1429): CodeIgniter\Database\BaseConnection->listTables()
#5 C:\xampp2\htdocs\image-accordion-gallery\system\Database\MigrationRunner.php(757): CodeIgniter\Database\BaseConnection->tableExists('migrations')
#6 C:\xampp2\htdocs\image-accordion-gallery\system\Database\MigrationRunner.php(161): CodeIgniter\Database\MigrationRunner->ensureTable()
#7 C:\xampp2\htdocs\image-accordion-gallery\system\Commands\Database\Migrate.php(84): CodeIgniter\Database\MigrationRunner->latest(NULL)
#8 C:\xampp2\htdocs\image-accordion-gallery\system\CLI\Commands.php(65): CodeIgniter\Commands\Database\Migrate->run(Array)
#9 C:\xampp2\htdocs\image-accordion-gallery\system\CLI\Console.php(46): CodeIgniter\CLI\Commands->run('migrate', Array)
#10 C:\xampp2\htdocs\image-accordion-gallery\spark(102): CodeIgniter\CLI\Console->run()
#11 {main}

Next CodeIgniter\Database\Exceptions\DatabaseException: Access denied for user ''@'localhost' (using password: NO) in C:\xampp2\htdocs\image-accordion-gallery\system\Database\MySQLi\Connection.php:229
Stack trace:
#0 C:\xampp2\htdocs\image-accordion-gallery\system\Database\BaseConnection.php(392): CodeIgniter\Database\MySQLi\Connection->connect(false)
#1 C:\xampp2\htdocs\image-accordion-gallery\system\Database\BaseConnection.php(575): CodeIgniter\Database\BaseConnection->initialize()
#2 C:\xampp2\htdocs\image-accordion-gallery\system\Database\BaseConnection.php(1410): CodeIgniter\Database\BaseConnection->query('SHOW TABLES FRO...')
#3 C:\xampp2\htdocs\image-accordion-gallery\system\Database\BaseConnection.php(1429): CodeIgniter\Database\BaseConnection->listTables()
#4 C:\xampp2\htdocs\image-accordion-gallery\system\Database\MigrationRunner.php(757): CodeIgniter\Database\BaseConnection->tableExists('migrations')
#5 C:\xampp2\htdocs\image-accordion-gallery\system\Database\MigrationRunner.php(161): CodeIgniter\Database\MigrationRunner->ensureTable()
#6 C:\xampp2\htdocs\image-accordion-gallery\system\Commands\Database\Migrate.php(84): CodeIgniter\Database\MigrationRunner->latest(NULL)
#7 C:\xampp2\htdocs\image-accordion-gallery\system\CLI\Commands.php(65): CodeIgniter\Commands\Database\Migrate->run(Array)
#8 C:\xampp2\htdocs\image-accordion-gallery\system\CLI\Console.php(46): CodeIgniter\CLI\Commands->run('migrate', Array)
#9 C:\xampp2\htdocs\image-accordion-gallery\spark(102): CodeIgniter\CLI\Console->run()
#10 {main}
CRITICAL - 2024-04-04 17:01:54 --> PDOException: SQLSTATE[HY000] [1049] Unknown database 'imagens'
in APPPATH\Views\galeria.php on line 98.
 1 APPPATH\Views\galeria.php(98): PDO->__construct('mysql:host=localhost;dbname=imagens', 'root', Object(SensitiveParameterValue))
 2 SYSTEMPATH\View\View.php(228): include('C:\\xampp2\\htdocs\\image-accordion-gallery\\app\\Views\\galeria.php')
 3 SYSTEMPATH\View\View.php(231): CodeIgniter\View\View->CodeIgniter\View\{closure}()
 4 SYSTEMPATH\Common.php(1178): CodeIgniter\View\View->render('galeria', [], true)
 5 APPPATH\Controllers\Home.php(9): view('galeria')
 6 SYSTEMPATH\CodeIgniter.php(943): App\Controllers\Home->index()
 7 SYSTEMPATH\CodeIgniter.php(503): CodeIgniter\CodeIgniter->runController(Object(App\Controllers\Home))
 8 SYSTEMPATH\CodeIgniter.php(361): CodeIgniter\CodeIgniter->handleRequest(null, Object(Config\Cache), false)
 9 FCPATH\index.php(79): CodeIgniter\CodeIgniter->run()
CRITICAL - 2024-04-04 17:02:20 --> PDOException: SQLSTATE[HY000] [1049] Unknown database 'imagens_galeria'
in APPPATH\Views\galeria.php on line 98.
 1 APPPATH\Views\galeria.php(98): PDO->__construct('mysql:host=localhost;dbname=imagens_galeria', 'root', Object(SensitiveParameterValue))
 2 SYSTEMPATH\View\View.php(228): include('C:\\xampp2\\htdocs\\image-accordion-gallery\\app\\Views\\galeria.php')
 3 SYSTEMPATH\View\View.php(231): CodeIgniter\View\View->CodeIgniter\View\{closure}()
 4 SYSTEMPATH\Common.php(1178): CodeIgniter\View\View->render('galeria', [], true)
 5 APPPATH\Controllers\Home.php(9): view('galeria')
 6 SYSTEMPATH\CodeIgniter.php(943): App\Controllers\Home->index()
 7 SYSTEMPATH\CodeIgniter.php(503): CodeIgniter\CodeIgniter->runController(Object(App\Controllers\Home))
 8 SYSTEMPATH\CodeIgniter.php(361): CodeIgniter\CodeIgniter->handleRequest(null, Object(Config\Cache), false)
 9 FCPATH\index.php(79): CodeIgniter\CodeIgniter->run()
